c:\users\bartholomé\documents\projetesgi\donkeykong-beta\x64\debug\donkeykong.pch
c:\users\bartholomé\documents\projetesgi\donkeykong-beta\x64\debug\vc141.pdb
c:\users\bartholomé\documents\projetesgi\donkeykong-beta\x64\debug\vc141.idb
c:\users\bartholomé\documents\projetesgi\donkeykong-beta\x64\debug\pch.obj
c:\users\bartholomé\documents\projetesgi\donkeykong-beta\x64\debug\stringhelpers.obj
c:\users\bartholomé\documents\projetesgi\donkeykong-beta\x64\debug\mario.obj
c:\users\bartholomé\documents\projetesgi\donkeykong-beta\x64\debug\inanimateentities.obj
c:\users\bartholomé\documents\projetesgi\donkeykong-beta\x64\debug\entitymanager.obj
c:\users\bartholomé\documents\projetesgi\donkeykong-beta\x64\debug\game.obj
c:\users\bartholomé\documents\projetesgi\donkeykong-beta\x64\debug\entity.obj
c:\users\bartholomé\documents\projetesgi\donkeykong-beta\x64\debug\donkeykong.obj
c:\users\bartholomé\documents\projetesgi\donkeykong-beta\x64\debug\donkeykong.exe
c:\users\bartholomé\documents\projetesgi\donkeykong-beta\x64\debug\donkeykong.ilk
c:\users\bartholomé\documents\projetesgi\donkeykong-beta\x64\debug\donkeykong.pdb
c:\users\asus\documents\esgi\c++\donkeykong-beta\x64\debug\block.obj
c:\users\asus\documents\esgi\c++\donkeykong-beta\x64\debug\donkeykong.obj
c:\users\asus\documents\esgi\c++\donkeykong-beta\x64\debug\entity.obj
c:\users\asus\documents\esgi\c++\donkeykong-beta\x64\debug\entitymanager.obj
c:\users\asus\documents\esgi\c++\donkeykong-beta\x64\debug\game.obj
c:\users\asus\documents\esgi\c++\donkeykong-beta\x64\debug\inanimateentities.obj
c:\users\asus\documents\esgi\c++\donkeykong-beta\x64\debug\mario.obj
c:\users\asus\documents\esgi\c++\donkeykong-beta\x64\debug\pch.obj
c:\users\asus\documents\esgi\c++\donkeykong-beta\x64\debug\player.obj
c:\users\asus\documents\esgi\c++\donkeykong-beta\x64\debug\donkeykong.ilk
c:\users\asus\documents\esgi\c++\donkeykong-beta\x64\debug\donkeykong.pch
c:\users\asus\documents\esgi\c++\donkeykong-beta\x64\debug\vc141.idb
c:\users\asus\documents\esgi\c++\donkeykong-beta\x64\debug\donkeykong.pdb
c:\users\asus\documents\esgi\c++\donkeykong-beta\x64\debug\vc141.pdb
c:\users\asus\documents\esgi\c++\donkeykong-beta\x64\debug\donkeykong.exe
c:\users\asus\documents\esgi\c++\donkeykong-beta\x64\debug\donkeykong.tlog\cl.command.1.tlog
c:\users\asus\documents\esgi\c++\donkeykong-beta\x64\debug\donkeykong.tlog\cl.read.1.tlog
c:\users\asus\documents\esgi\c++\donkeykong-beta\x64\debug\donkeykong.tlog\cl.write.1.tlog
c:\users\asus\documents\esgi\c++\donkeykong-beta\x64\debug\donkeykong.tlog\link.command.1.tlog
c:\users\asus\documents\esgi\c++\donkeykong-beta\x64\debug\donkeykong.tlog\link.read.1.tlog
c:\users\asus\documents\esgi\c++\donkeykong-beta\x64\debug\donkeykong.tlog\link.write.1.tlog
